<?xml version="1.0" encoding="UTF-8"?>
<!-- Generated by org.testng.reporters.JUnitReportReporter -->
<testsuite hostname="DESKTOP-0MOJCMH" failures="0" tests="11" name="Testpkg.Testclass" time="83.401" errors="0" timestamp="2025-01-30T12:35:54 IST" skipped="3">
  <testcase classname="Testpkg.Testclass" name="Response_check" time="1.279"/>
  <system-out/>
  <testcase classname="Testpkg.Testclass" name="verify_handle" time="0.433"/>
  <system-out/>
  <testcase classname="Testpkg.Testclass" name="verify_hover" time="5.715"/>
  <system-out/>
  <testcase classname="Testpkg.Testclass" name="verify_drag" time="0.007"/>
  <system-out/>
  <testcase classname="Testpkg.Testclass" name="verify_dragdrop" time="13.568"/>
  <system-out/>
  <testcase classname="Testpkg.Testclass" name="verify_alert" time="4.782"/>
  <system-out/>
  <testcase classname="Testpkg.Testclass" name="verify_radio" time="51.870"/>
  <system-out/>
  <testcase classname="Testpkg.Testclass" name="Verify_date" time="5.747"/>
  <system-out/>
  <testcase classname="Testpkg.Testclass" name="verify_screenshot">
    <skipped/>
  </testcase> <!-- verify_screenshot -->
  <system-out/>
  <testcase classname="Testpkg.Testclass" name="signin">
    <skipped/>
  </testcase> <!-- signin -->
  <system-out/>
  <testcase classname="Testpkg.Testclass" name="signup">
    <skipped/>
  </testcase> <!-- signup -->
  <system-out/>
</testsuite> <!-- Testpkg.Testclass -->
