<?xml version="1.0" encoding="UTF-8"?>
<!-- Generated by org.testng.reporters.JUnitReportReporter -->
<testsuite hostname="DESKTOP-0MOJCMH" failures="0" tests="1" name="Basepkg.Baseclass" time="0.013" errors="0" timestamp="2025-01-16T12:12:21 IST" skipped="0">
  <testcase classname="Basepkg.Baseclass" name="open" time="0.013"/>
  <system-out/>
</testsuite> <!-- Basepkg.Baseclass -->
